warning: unused config key `build.target_os` in `C:\Users\PC\rp2040_plant_automation\.cargo\config.toml`
warning: direct cast of function item into an integer
   --> embassy\embassy-rp\src\multicore.rs:257:28
    |
257 |         core1_startup::<F> as usize,
    |                            ^^^^^^^^
    |
    = note: `#[warn(function_casts_as_integer)]` on by default
help: first cast to a pointer `as *const ()`
    |
257 |         core1_startup::<F> as *const () as usize,
    |                            ++++++++++++

warning: `embassy-rp` (lib) generated 1 warning (run `cargo fix --lib -p embassy-rp` to apply 1 suggestion)
    Checking rp2040_plant_automation v0.1.0 (C:\Users\PC\rp2040_plant_automation)
error[E0433]: failed to resolve: expected type, found function `typing` in `blisp`
  --> src\userscript.rs:91:32
   |
91 |                 let _ = blisp::typing::check; 
   |                                ^^^^^^ expected type, found function `typing` in `blisp`

warning: unused import: `alloc::vec::Vec`
 --> src\userscript.rs:5:5
  |
5 | use alloc::vec::Vec;
  |     ^^^^^^^^^^^^^^^
  |
  = note: `#[warn(unused_imports)]` (part of `#[warn(unused)]`) on by default

warning: unused import: `alloc::rc::Rc`
 --> src\persistence_manager.rs:1:5
  |
1 | use alloc::rc::Rc;
  |     ^^^^^^^^^^^^^

warning: unused import: `embassy_executor::Spawner`
 --> src\persistence_manager.rs:2:5
  |
2 | use embassy_executor::Spawner;
  |     ^^^^^^^^^^^^^^^^^^^^^^^^^

warning: unused import: `embassy_rp::Peri`
 --> src\persistence_manager.rs:4:5
  |
4 | use embassy_rp::Peri;
  |     ^^^^^^^^^^^^^^^^

warning: unused imports: `DMA_CH0` and `DMA_CH1`
 --> src\persistence_manager.rs:5:31
  |
5 | use embassy_rp::peripherals::{DMA_CH0, DMA_CH1, FLASH};
  |                               ^^^^^^^  ^^^^^^^

warning: unused import: `embassy_sync::blocking_mutex::raw::CriticalSectionRawMutex`
 --> src\persistence_manager.rs:6:5
  |
6 | use embassy_sync::blocking_mutex::raw::CriticalSectionRawMutex;
  |     ^^^^^^^^^^^^^^^^^^^^^^^^^^^^^^^^^^^^^^^^^^^^^^^^^^^^^^^^^^

warning: unused import: `embassy_sync::mutex::Mutex`
 --> src\persistence_manager.rs:7:5
  |
7 | use embassy_sync::mutex::Mutex;
  |     ^^^^^^^^^^^^^^^^^^^^^^^^^^

warning: unused import: `crate::config_manager::ConfigManager`
  --> src\persistence_manager.rs:10:5
   |
10 | use crate::config_manager::ConfigManager;
   |     ^^^^^^^^^^^^^^^^^^^^^^^^^^^^^^^^^^^^

warning: unused import: `embassy_executor::Spawner`
 --> src\config_manager.rs:2:5
  |
2 | use embassy_executor::Spawner;
  |     ^^^^^^^^^^^^^^^^^^^^^^^^^

warning: unused import: `PIO0`
 --> src\ui\encoder_button_input_task.rs:4:38
  |
4 | use embassy_rp::peripherals::{PIN_8, PIO0};
  |                                      ^^^^

warning: unused imports: `Direction` and `PioEncoder`
 --> src\ui\encoder_button_input_task.rs:5:48
  |
5 | use embassy_rp::pio_programs::rotary_encoder::{Direction, PioEncoder};
  |                                                ^^^^^^^^^  ^^^^^^^^^^

warning: unused import: `embassy_rp::pio::Pio`
 --> src\ui\lcd_task.rs:7:5
  |
7 | use embassy_rp::pio::Pio;
  |     ^^^^^^^^^^^^^^^^^^^^

warning: unused import: `embassy_rp::time_driver::init`
 --> src\ui\initial_configuration.rs:5:5
  |
5 | use embassy_rp::time_driver::init;
  |     ^^^^^^^^^^^^^^^^^^^^^^^^^^^^^

warning: unused import: `SharedString`
 --> src\ui\initial_configuration.rs:9:39
  |
9 | use slint::{ComponentHandle, ModelRc, SharedString, VecModel};
  |                                       ^^^^^^^^^^^^

warning: unused import: `cyw43::Control`
 --> src\network\mod.rs:2:5
  |
2 | use cyw43::Control;
  |     ^^^^^^^^^^^^^^

warning: variable does not need to be mutable
   --> src\sensor_manager.rs:267:9
    |
267 |     let mut manager = SensorManager::new(&bus);
    |         ----^^^^^^^
    |         |
    |         help: remove this `mut`
    |
    = note: `#[warn(unused_mut)]` (part of `#[warn(unused)]`) on by default

warning: unused variable: `shared_data`
   --> src\sensor_manager.rs:264:5
    |
264 |     shared_data: SharedSensorData,
    |     ^^^^^^^^^^^ help: if this is intentional, prefix it with an underscore: `_shared_data`
    |
    = note: `#[warn(unused_variables)]` (part of `#[warn(unused)]`) on by default

warning: unused variable: `manager`
   --> src\sensor_manager.rs:267:9
    |
267 |     let mut manager = SensorManager::new(&bus);
    |         ^^^^^^^^^^^ help: if this is intentional, prefix it with an underscore: `_manager`

warning: variable does not need to be mutable
   --> src\ui\initial_configuration.rs:174:9
    |
174 |                 let mut network_stack = network_stack.lock().await;
    |                     ----^^^^^^^^^^^^^
    |                     |
    |                     help: remove this `mut`

warning: variable does not need to be mutable
   --> src\network\http_server.rs:217:9
    |
217 |     let mut handler = PlantAutomationHandler::new(shared_config, shared_sensor_data);
    |         ----^^^^^^^
    |         |
    |         help: remove this `mut`

For more information about this error, try `rustc --explain E0433`.
warning: `rp2040_plant_automation` (bin "rp2040_plant_automation") generated 20 warnings
error: could not compile `rp2040_plant_automation` (bin "rp2040_plant_automation") due to 1 previous error; 20 warnings emitted
