warning: unused config key `build.target_os` in `C:\Users\PC\rp2040_plant_automation\.cargo\config.toml`
warning: direct cast of function item into an integer
   --> embassy\embassy-rp\src\multicore.rs:257:28
    |
257 |         core1_startup::<F> as usize,
    |                            ^^^^^^^^
    |
    = note: `#[warn(function_casts_as_integer)]` on by default
help: first cast to a pointer `as *const ()`
    |
257 |         core1_startup::<F> as *const () as usize,
    |                            ++++++++++++

warning: `embassy-rp` (lib) generated 1 warning (run `cargo fix --lib -p embassy-rp` to apply 1 suggestion)
warning: unused import: `pcf8591_async::Pcf8591`
  --> src\sensor_manager.rs:11:5
   |
11 | use pcf8591_async::Pcf8591;
   |     ^^^^^^^^^^^^^^^^^^^^^^
   |
   = note: `#[warn(unused_imports)]` (part of `#[warn(unused)]`) on by default

warning: unused imports: `Config as AdcConfig` and `InterruptHandler as AdcInterruptHandler`
  --> src\sensor_manager.rs:58:44
   |
58 | use embassy_rp::adc::{Adc, Channel, Async, Config as AdcConfig, InterruptHandler as AdcInterruptHandler};
   |                                            ^^^^^^^^^^^^^^^^^^^  ^^^^^^^^^^^^^^^^^^^^^^^^^^^^^^^^^^^^^^^

warning: unused import: `embassy_rp::peripherals::ADC`
  --> src\sensor_manager.rs:59:5
   |
59 | use embassy_rp::peripherals::ADC;
   |     ^^^^^^^^^^^^^^^^^^^^^^^^^^^^

warning: unused import: `Level`
 --> src\hardware_manager.rs:2:32
  |
2 | use embassy_rp::gpio::{Output, Level};
  |                                ^^^^^

warning: unused import: `alloc::vec::Vec`
 --> src\userscript.rs:5:5
  |
5 | use alloc::vec::Vec;
  |     ^^^^^^^^^^^^^^^

warning: unused import: `alloc::rc::Rc`
 --> src\persistence_manager.rs:1:5
  |
1 | use alloc::rc::Rc;
  |     ^^^^^^^^^^^^^

warning: unused import: `embassy_executor::Spawner`
 --> src\persistence_manager.rs:2:5
  |
2 | use embassy_executor::Spawner;
  |     ^^^^^^^^^^^^^^^^^^^^^^^^^

warning: unused import: `embassy_rp::Peri`
 --> src\persistence_manager.rs:4:5
  |
4 | use embassy_rp::Peri;
  |     ^^^^^^^^^^^^^^^^

warning: unused imports: `DMA_CH0` and `DMA_CH1`
 --> src\persistence_manager.rs:5:31
  |
5 | use embassy_rp::peripherals::{DMA_CH0, DMA_CH1, FLASH};
  |                               ^^^^^^^  ^^^^^^^

warning: unused import: `embassy_sync::blocking_mutex::raw::CriticalSectionRawMutex`
 --> src\persistence_manager.rs:6:5
  |
6 | use embassy_sync::blocking_mutex::raw::CriticalSectionRawMutex;
  |     ^^^^^^^^^^^^^^^^^^^^^^^^^^^^^^^^^^^^^^^^^^^^^^^^^^^^^^^^^^

warning: unused import: `embassy_sync::mutex::Mutex`
 --> src\persistence_manager.rs:7:5
  |
7 | use embassy_sync::mutex::Mutex;
  |     ^^^^^^^^^^^^^^^^^^^^^^^^^^

warning: unused import: `crate::config_manager::ConfigManager`
  --> src\persistence_manager.rs:10:5
   |
10 | use crate::config_manager::ConfigManager;
   |     ^^^^^^^^^^^^^^^^^^^^^^^^^^^^^^^^^^^^

warning: unused import: `embassy_executor::Spawner`
 --> src\config_manager.rs:2:5
  |
2 | use embassy_executor::Spawner;
  |     ^^^^^^^^^^^^^^^^^^^^^^^^^

warning: unused import: `PIO0`
 --> src\ui\encoder_button_input_task.rs:4:38
  |
4 | use embassy_rp::peripherals::{PIN_8, PIO0};
  |                                      ^^^^

warning: unused imports: `Direction` and `PioEncoder`
 --> src\ui\encoder_button_input_task.rs:5:48
  |
5 | use embassy_rp::pio_programs::rotary_encoder::{Direction, PioEncoder};
  |                                                ^^^^^^^^^  ^^^^^^^^^^

warning: unused import: `embassy_rp::pio::Pio`
 --> src\ui\lcd_task.rs:7:5
  |
7 | use embassy_rp::pio::Pio;
  |     ^^^^^^^^^^^^^^^^^^^^

warning: unused import: `embassy_rp::time_driver::init`
 --> src\ui\initial_configuration.rs:5:5
  |
5 | use embassy_rp::time_driver::init;
  |     ^^^^^^^^^^^^^^^^^^^^^^^^^^^^^

warning: unused import: `SharedString`
 --> src\ui\initial_configuration.rs:9:39
  |
9 | use slint::{ComponentHandle, ModelRc, SharedString, VecModel};
  |                                       ^^^^^^^^^^^^

warning: unused import: `Weak`
 --> src\ui\dashboard_task.rs:5:30
  |
5 | use slint::{ComponentHandle, Weak};
  |                              ^^^^

warning: unused import: `cyw43::Control`
 --> src\network\mod.rs:2:5
  |
2 | use cyw43::Control;
  |     ^^^^^^^^^^^^^^

warning: unused import: `alloc::string::ToString`
 --> src\network\http_server.rs:3:5
  |
3 | use alloc::string::ToString;
  |     ^^^^^^^^^^^^^^^^^^^^^^^

warning: unused import: `embassy_sync::blocking_mutex::raw::CriticalSectionRawMutex`
  --> src\main.rs:52:5
   |
52 | use embassy_sync::blocking_mutex::raw::CriticalSectionRawMutex;
   |     ^^^^^^^^^^^^^^^^^^^^^^^^^^^^^^^^^^^^^^^^^^^^^^^^^^^^^^^^^^

warning: variable does not need to be mutable
   --> src\ui\initial_configuration.rs:174:9
    |
174 |                 let mut network_stack = network_stack.lock().await;
    |                     ----^^^^^^^^^^^^^
    |                     |
    |                     help: remove this `mut`
    |
    = note: `#[warn(unused_mut)]` (part of `#[warn(unused)]`) on by default

warning: unused variable: `start`
  --> src\ui\dashboard_task.rs:40:31
   |
40 |         let day = if let Some(start) = start_ts {
   |                               ^^^^^ help: if this is intentional, prefix it with an underscore: `_start`
   |
   = note: `#[warn(unused_variables)]` (part of `#[warn(unused)]`) on by default

warning: unused variable: `time_str`
  --> src\userscript.rs:27:106
   |
27 | ... days_since_start: u32, time_str: &str) -> TargetState {
   |                            ^^^^^^^^ help: if this is intentional, prefix it with an underscore: `_time_str`

warning: constant `NTC_BETA_DEFAULT` is never used
  --> src\sensor_manager.rs:20:7
   |
20 | const NTC_BETA_DEFAULT: f32 = 3950.0;
   |       ^^^^^^^^^^^^^^^^
   |
   = note: `#[warn(dead_code)]` (part of `#[warn(unused)]`) on by default

warning: constant `NTC_R_SERIES_DEFAULT` is never used
  --> src\sensor_manager.rs:21:7
   |
21 | const NTC_R_SERIES_DEFAULT: f32 = 10000.0;
   |       ^^^^^^^^^^^^^^^^^^^^

warning: constant `NTC_R_NOMINAL_DEFAULT` is never used
  --> src\sensor_manager.rs:22:7
   |
22 | const NTC_R_NOMINAL_DEFAULT: f32 = 10000.0;
   |       ^^^^^^^^^^^^^^^^^^^^^

warning: constant `NTC_T_NOMINAL_DEFAULT` is never used
  --> src\sensor_manager.rs:23:7
   |
23 | const NTC_T_NOMINAL_DEFAULT: f32 = 25.0;
   |       ^^^^^^^^^^^^^^^^^^^^^

warning: function `convert_ntc` is never used
   --> src\sensor_manager.rs:206:4
    |
206 | fn convert_ntc(adc: u8) -> Option<f32> {
    |    ^^^^^^^^^^^

warning: type alias `Number` is never used
 --> src\config_types.rs:6:6
  |
6 | type Number = I16F16;
  |      ^^^^^^

warning: `rp2040_plant_automation` (bin "rp2040_plant_automation") generated 31 warnings (run `cargo fix --bin "rp2040_plant_automation" -p rp2040_plant_automation` to apply 25 suggestions)
    Finished `dev` profile [optimized + debuginfo] target(s) in 1.84s
